2025-11-08T13:50:00: [dotenv@17.2.3] injecting env (0) from .env -- tip: 🔄 add secrets lifecycle management: https://dotenvx.com/ops
2025-11-08T13:50:01: makeInMemoryStore not available: exports is not defined in ES module scope
2025-11-08T13:50:01: This file is being treated as an ES module because it has a '.js' file extension and '/root/whatsapp-gateway/node_modules/@whiskeysockets/baileys/package.json' contains "type": "module". To treat it as a CommonJS script, rename it to use the '.cjs' file extension.
2025-11-08T13:50:01: [dotenv@17.2.3] injecting env (0) from .env -- tip: ⚙️  suppress all logs with { quiet: true }
2025-11-08T13:50:01: WhatsApp Gateway Server running on port 3000
2025-11-08T13:50:01: API Documentation: http://0.0.0.0:3000/
2025-11-08T13:50:01: Using Baileys v2,3000,1027934701, isLatest: true
2025-11-08T13:50:01: QR Code for default:
2025-11-08T13:50:01: ▄▄▄▄▄▄▄▄▄▄▄▄▄▄▄▄▄▄▄▄▄▄▄▄▄▄▄▄▄▄▄▄▄▄▄▄▄▄▄▄▄▄▄▄▄▄▄▄▄▄▄▄▄▄▄▄▄▄▄
2025-11-08T13:50:01: █ ▄▄▄▄▄ █▄▄▄▀█  ▄▀▄▄ ██ ▄▄▄▀█ █ █ ▀█▄ ▄█▄▄▄  ▀ ▄ ██ ▄▄▄▄▄ █
2025-11-08T13:50:01: █ █   █ █ ▀▀ █▄█▄▄ ▀▄█ █▀  █ █▀  ▄▄▄   ▄██▄  █▀▄ ██ █   █ █
2025-11-08T13:50:01: █ █▄▄▄█ █▄███▄▄█▀▀   ▀   █▀ ▄▄▄ █▄ ▀▄ ▄▄  ██▄█▄▀▄██ █▄▄▄█ █
2025-11-08T13:50:01: █▄▄▄▄▄▄▄█▄▀ █▄▀ █▄█ ▀▄▀ ▀▄█ █▄█ ▀ ▀ █ █ ▀ ▀ █ ▀▄█ █▄▄▄▄▄▄▄█
2025-11-08T13:50:01: █ ▄ ▄▀█▄▀▄ █▀ █▀▄▄ █ █▀  ▀█  ▄   █ ▄▀█ █ ▄  ▀█▄▄▀▀ █▀▄▄ █ █
2025-11-08T13:50:01: █ ██ ██▄▄▀▄▀ █ ▀ ▄ ██ ▄▄▄  ▄▄█  █ █▀▄ ▄▀▄█▄▀▀ ▄████▀█▄ ▄▀ █
2025-11-08T13:50:01: ████▀ ▀▄▀█▀▀▀▄▄ ▀▄█▄ ▀█▄▀█▄ ▀██▀▀▀▀█▄▄▀ █▀█▄ █ ██▄█▀█▀▀ ▀▄█
2025-11-08T13:50:01: █▀▀▄█▀█▄ ▄█▄█ ▀ ▀███▀███▄▄▀█ ▄▀▀ ▀▄▄█▄ ▄█▀▀▀█▄▄ ▀ █  ▄▀▀▀██
2025-11-08T13:50:01: █  ▄▀  ▄██▄ ▀▀▄▄▄ █▀██▄█▀██▄▄▄███▄▄▀▀██▄█▀▀█▄▄▄ ▀▄▄█ █▄▄▄▀█
2025-11-08T13:50:01: █▀▀▄  ▄▄ ▄█ ▄█▀▀▄▀▄ ▀▀ ▄▀█ ▀█ ▄█▄█▀▄▀█▄▄██▀▄ ▄▀    █▄█▄██▀█
2025-11-08T13:50:01: ██▀█ █▄▄██▀▀▄█ ██  ▀███ ▀█ ▀ ▄█ ▀█▄▄▄▀ ▄▄▄▄▀▄██▄▄  █▄▄▄█▀▀█
2025-11-08T13:50:01: █▄█▄▄  ▄ ███▄▄▄▀▀▄ ▀ ▄ ▄  █▀ ██ ▀▄▀█▄▀██▄█▀▄ ▄█ ▀ ▄ ▄▄▀▄█▄█
2025-11-08T13:50:01: ██ █ ▀▄▄▀▄▄█▄ █▄ █ ▄█ ▀█▄▄▀▀ ▀▄█▄▄  ▄  ▀▀▀█▄ ▀▀█▄▄█▀██▀▄▄▄█
2025-11-08T13:50:01: ███▄▀ ▄▄▄ ▀█▄▀  ▀ ▄▄▀▀█▄ ▀▄ ▄▄▄ █ ▀▄▀▄▀▄ ▀▀ ██▄▄█ ▄▄▄ ▀▀███
2025-11-08T13:50:01: █▄▀██ █▄█ ▄ ▀▀ █ ▀█▄▄▄▀▀▄▄▀ █▄█ ▄   ▀▀██ ▀ █▄▄▄ ▀ █▄█ ▀▄ ▄█
2025-11-08T13:50:01: █ ▀▀▀ ▄▄▄▄▄ ▄█▄█ ▀▀ ▄ █  █▄  ▄▄▄▄▄▀ ▄█    █▀█▀▄ █  ▄  ▄█▄▀█
2025-11-08T13:50:01: █▄▀▀ ▀ ▄▄▄ ▄   ▀█▄▄▀▀█▄▄▀ ███▄▀▀█▀ ▄▄█▀█▀ ▄▀▀█▄▄▀█ ▀██▄▄▄ █
2025-11-08T13:50:01: █▀▄█▀█▄▄▀▄▄ █ █▄██▄ ▀ ▄▀▀█▄█▀▀ ██▄█ ▀ ▄▀█ █▄▄▀ █ ▀   ▄▄▄  █
2025-11-08T13:50:01: █ ▄█▀▄█▄▄▄ █▀█  ██▄▄▀██▀ ▄▄ ██▄▄▄█▀█▀▄▀ ▀▀▄█ █▀▄▀▄▀▀█▄ █▄██
2025-11-08T13:50:01: ██  ▄▄ ▄▄█▄ ▄▀██ ▄█▄  ▀▀▄▀▄  ▄ █ ▄ █▄▄ ▄▀▀██ █▀▀▀█▀██  ▀█▄█
2025-11-08T13:50:01: █▀▀█▀▀ ▄▄ ▀▀███▄  ██ █▄▀▀█▀  ▀▀▀█▄▄▀ ▀█▄██▀▄ ▄ ▀▄█▀ ▀▀ ▄█▄█
2025-11-08T13:50:01: █▀ ▀█ ▀▄▀█ █▄▄  ▀▄█▄ ██  ▄▀████ █▀▀█▀█▄▄▀▀██▄█ ▀  ▀██▀██▄▀█
2025-11-08T13:50:01: █▀▄▀█  ▄ █   ▄  ██▀▀ █ █▄ █▀███▀██▄█▄█▀█ ▄▀▀▀▀ ██▄▄▀██▄█▄ █
2025-11-08T13:50:01: █ ▀ ▀▀▄▄▀  █▀ ▀█▀ ▄▀▀ ▄▀ █▄▀█ ▀▀▄▀▀▄▄ ▄▄  ▄▄ █▄▄▄ ▄ ██ ▄ ▄█
2025-11-08T13:50:01: ███████▄█ █▄█▀ █ █  ▀▀███▄  ▄▄▄ ▄▀ █▄ ▀ ████▄█▀█▀ ▄▄▄  █ ██
2025-11-08T13:50:01: █ ▄▄▄▄▄ ██▀▄█▀ ▄█▀▀ ▄▄▄██ ▄ █▄█ ▄█▄▄██▀ ▀▀█▀ █  █ █▄█ ▀▀ ██
2025-11-08T13:50:01: █ █   █ █▀█▄▀▀█▄▀█ ▀ ▄▀█ ▀   ▄   ▄▀▀▀▀█▄ █ ▄ ▄▀ ▀ ▄ ▄▄ ▄▀▄█
2025-11-08T13:50:01: █ █▄▄▄█ █ █ ▀▄▀█  █▀▄▀▄▄█▀█▀█▀█▀█   ▀  ▀ ▀█▀█▄▄▄▄  ▀▄████▀█
2025-11-08T13:50:01: █▄▄▄▄▄▄▄█▄▄█▄▄██▄█▄█▄█▄▄▄▄▄██████▄███████▄▄███▄▄██▄▄███▄███
2025-11-08T13:50:01: 
2025-11-08T13:51:01: QR Code for default:
2025-11-08T13:51:01: ▄▄▄▄▄▄▄▄▄▄▄▄▄▄▄▄▄▄▄▄▄▄▄▄▄▄▄▄▄▄▄▄▄▄▄▄▄▄▄▄▄▄▄▄▄▄▄▄▄▄▄▄▄▄▄▄▄▄▄
2025-11-08T13:51:01: █ ▄▄▄▄▄ ██▀█▀█▄▄▄ ██ ▄▀▀   ▄ ▀█ ▀█  ▄█     ▄ ▀█▄ ██ ▄▄▄▄▄ █
2025-11-08T13:51:01: █ █   █ █▄▀▀ ▄▀▄█▄▄▄▀█ ██▄█▄ ███▄█▄▄█▄██▀█ █▄█▀▄ ██ █   █ █
2025-11-08T13:51:01: █ █▄▄▄█ ███  ▄▄██▄█▀ ▀▄██▄▀ ▄▄▄ ▀█▄▄  ▄▄▀█ ▄ █ ▀▄██ █▄▄▄█ █
2025-11-08T13:51:01: █▄▄▄▄▄▄▄█ █ ▀ █▄▀▄█ █ █ ▀▄▀ █▄█ █▄█ █ ▀▄█ ▀ ▀▄█▄█ █▄▄▄▄▄▄▄█
2025-11-08T13:51:01: █▄  █ ▄▄  ███   ▄▄▄ █▄▀ ▄▄ ▄ ▄▄▄█▄ ▄█ █▄ ▄▄█▄▄▄▄▄█▄▄█▀▀▄▀▀█
2025-11-08T13:51:01: █▀██▄  ▄▄ █ ▄▀ ▀▄▀█▄█  ▀▀▀▄█  █▀█ █▄▀▀ ▀  █▄▀  ▄ ▄▄▀█▀██▀ █
2025-11-08T13:51:01: ██▀██▀▀▄ █▀▄▀▄ █▄██▄▄▄ █▀█▀▄ ▄█▀█▄█▄▄▄▄█  █▄▄ ▄▄▄█▀▄▀ ▀ █▀█
2025-11-08T13:51:01: ██▄█ ▀▀▄███▄▀█▄▀▀█ ▄▄▄ ▀ ▀▄▄▀█▀▄█ ▀ ██ ▀█▀▀  ▀ █▄▀ ▀▀▄██▄▄█
2025-11-08T13:51:01: █▀ █ ██▄██ █▄ ▄▄ █ ▄▄▄█  ██▄ ▀▄██▄ █▄ ▄▄▄▄██▀ ▀█▄█▄█▄ ▀▄▄██
2025-11-08T13:51:01: █▀ ▀ █ ▄▄▀ ▀▄██▄▄▀▄ ▀▀██▀ ▄▄ ▀▄▄  ▄█▄▄▀▀█  █ ▀▄▀   ▄▀▄▄█▄▄█
2025-11-08T13:51:01: █▀ ▄ █▄▄ ▄▀▀▄ █▄█ ▄▄ ▄█ █ █  ▄▀█▄▄▄▄  ██   ▄▄ █▄ █▄█▄▄  █▀█
2025-11-08T13:51:01: ███▄ ▀▄▄ ▀▀▄█▄███▀█  ▄▄▀█▀█▀▄  ▀▀██ ▀▀██▀ ▄█▀█▀█▄▀▀  ▀▄██▄█
2025-11-08T13:51:01: ██▄ █▄▀▄ ▄▄▄ ▄ ██▄ ▄▀█▄▄▄▄▀▄█ ▄█ ▀█▀▄ ▄▄▄ █▄▄▄▄▄ ████ ▀▄ ▀█
2025-11-08T13:51:01: █  █▀ ▄▄▄ ▀█▄▄▄█▀  ▀▄ █▄▄▄  ▄▄▄  ▀█ █▀ ▀ ▀█▀ ▄ ▄  ▄▄▄ █▄ ▄█
2025-11-08T13:51:01: ██▀▄  █▄█  ▄▄ ▄█▄▄ █▄▄█▄▀██ █▄█ ▄ ▄▄▄ ██▄▄█▄▄▄▀█  █▄█ ██ ▄█
2025-11-08T13:51:01: █▄ █   ▄▄▄▀▀▄█  █ ▄▄ █▄▄ █▀▄▄▄▄▄ ▀█  ▀▀█▀▀▀ ▀  █▀    ▄▄█ ▄█
2025-11-08T13:51:01: █▄█▄█▀▄▄▀▀ ▄▄██ ██ ▄██▀ █▄ ▄ ██▄   ▄▄▄▄█  ▀▄ ▄█▄█▄█ ▄█  ███
2025-11-08T13:51:01: █▄  █ ▀▄██ █ ▀█▄█▄▀▀▄█ ▄▀█▄█▀ █▄█ ▀████ █▀ █ ██▀▄   █▄▀█ ▄█
2025-11-08T13:51:01: █▀▄ ▄██▄ ▀█▄▀▄▄█ ▄▄▄█    ▄ █ ▄▄▄▄ ▄▄ ▄██▀ ▄█  ▄█▀▄█▄ █ █  █
2025-11-08T13:51:01: █ █▀▄▄▄▄▀▄█▀ █▀█ ▄▀▀█▀▀▀ ▄▀▀ ▄▄ ▄▄ █  ██  ▀ █▄▀▀█ ▄▄█ ▄▄ ██
2025-11-08T13:51:01: █ ▀██ █▄▄ ▀█ ▀▄ ▄█ ▄ █ ▄▄▄▀ ▄▄▄ █▄ ▄█ █▄▀ ▄█ ▄▄▄▀▄ ▄█▄███▄█
2025-11-08T13:51:01: █▀▄▄ ██▄█ ▄▄▀▄▀ ▄██▄▄  ▀ ▄█  ▄█ ▀▄▄▄▀█▄█▄ █▀  █▄▄▀█   █▄ ▄█
2025-11-08T13:51:01: █▄▀▄▀ █▄ ▄  ▄▀▄▀███▄█▄ █ █▀▄██▀▄ ▄█▄  ▄█ ▄▄█▄  ▄█▄▀█▄█▀▄▀▀█
2025-11-08T13:51:01: █ ▀ ▀▀▄▄▄█▄ ▄▀▀█████▀ ▄▀█▄▄ ▀█▄ ▄▀█ ██▄█ █▀▄ █▀▀▄  ▄▄█▄█ ▄█
2025-11-08T13:51:01: ███████▄▄▀ ██▀▄  █▀ ▄█▄ ▄█▄ ▄▄▄  ▄█▄▄▄██  ██  ▄█▀ ▄▄▄  ▄ ▄█
2025-11-08T13:51:01: █ ▄▄▄▄▄ █ ▀▄▀▄██ ▀██ ▄▄█ ▄▀ █▄█ █ ▄▄█ ▄ ▄  █ ▀▀▀▀ █▄█ █▄ ▄█
2025-11-08T13:51:01: █ █   █ █▄▀▀█ █▄█ █  ▄█ █   ▄ ▄   █▄▀▄█▄▀ ██▄ ██▄ ▄ ▄ ██ ▄█
2025-11-08T13:51:01: █ █▄▄▄█ █ ▄▀▄ ███▀█▀ ▄▀██▀▀▄▄ █▀▀▄█▀  ▄▄▄ █▀▀▀▀█▄ ▄▄█▄██▀▄█
2025-11-08T13:51:01: █▄▄▄▄▄▄▄█▄█▄█▄██▄█▄▄█▄▄▄▄██▄█▄█▄▄████▄▄▄█▄▄▄▄▄▄▄█▄███▄██▄▄█
2025-11-08T13:51:01: 
2025-11-08T13:51:21: QR Code for default:
2025-11-08T13:51:22: ▄▄▄▄▄▄▄▄▄▄▄▄▄▄▄▄▄▄▄▄▄▄▄▄▄▄▄▄▄▄▄▄▄▄▄▄▄▄▄▄▄▄▄▄▄▄▄▄▄▄▄▄▄▄▄▄▄▄▄
2025-11-08T13:51:22: █ ▄▄▄▄▄ █▀▀▀▀█ █▀▄██  ▀█ ▄▄▄ ██ ██  ██▀  ▄ ▄ ▄█▄ ██ ▄▄▄▄▄ █
2025-11-08T13:51:22: █ █   █ █▄▀▀▀▄▀██▄█▄ █ █▄▄██ █▄█▄█▄▄▀██▄▄▄▀███▀▄ ██ █   █ █
2025-11-08T13:51:22: █ █▄▄▄█ █ █▀▀██▀██▀▀▀█▄▄▀▄  ▄▄▄  ▀▄██▀█  █▄▄▀  ▀▄██ █▄▄▄█ █
2025-11-08T13:51:22: █▄▄▄▄▄▄▄█ ▀▄█ ▀▄▀ █ ▀ █▄▀▄█ █▄█ ▀▄█▄█ █▄█▄▀ █▄█ █ █▄▄▄▄▄▄▄█
2025-11-08T13:51:22: █▄ ▀▄█▀▄▄▀ ▄▀▀ ▀▄▄█ ██▀ █▄   ▄▄▄██ ▄▄ ██ ▄██▄█▄▄▄▄▀▄▄▄▀▄ ▀█
2025-11-08T13:51:22: █▀▄▀▄▀█▄▄▀▀▄█▀▀█▄ ▀▄▄▄  █▀█▀ █▀▀▄▄▀██▀▀▀ ▀█  ▄ ▀████▄█▀█ ▄█
2025-11-08T13:51:22: ████▄█▀▄▀▄▄█▀▄▄█▄▀█▄ ▄ ▀▀█▄▄ ▄█▀▀▄▄▀▄▄ ▄ ▄█▄  █▀█▄█▄ ▄▀ ▀▀█
2025-11-08T13:51:22: █▀▄█▄▀ ▄▄▄█▄ █▄ ▀█ █▄██ ▀▀▄█ ▄▄▄█▀▀█▄▀▀█▀██ ▄ ██▄█  ▀▄██▄██
2025-11-08T13:51:22: █▄  ▄▄▀▄▄▀ ▄  █ ██▄▄█ ▄▀▄█▄   ▀▄▄  ██▄▄  █▄█▀▄▄▄ ██▀▄▀▄▄▀██
2025-11-08T13:51:22: █ ▀█ █▄▄ ▀ █▄█▀▄▀▄▄ ▄▄█▀▀█ ▄ █▄█▄ ▄▀▀ █ █▀ █ ▀▄█  ▄▄▀ ▄█▀▄█
2025-11-08T13:51:22: █▄ █ █▀▄ █▀▀▄▄███ █▄ ██ ▄ █▀ ▄ █ █▄▄▀ █▄▄▄▀▄███▄▀█▀█▄▄▀ ▄▀█
2025-11-08T13:51:22: ██▄    ▄▀▀   ▀▀ █ ▀ ▀ ▄ ▀▀▄█▄▀▄▀ ▀█▀▄ ▄▀▀▀ █▀ ▀▄ ▀▀█   █▄ █
2025-11-08T13:51:22: ██  ██▀▄▀▄████▀██  ▄██▄ ▄▄▀▄█▄▄█▄▀██▄  ▄▄▄█▄ ▄▄ ▄█ ▄▄ ▀▄▄▀█
2025-11-08T13:51:22: █  ▄▀ ▄▄▄ ▄ ▄▀██▀ ▀▀▄▀█▄█▄  ▄▄▄   ▀ ▄▀   ▀ ▀ █▄▄▄ ▄▄▄ ▄▄ ██
2025-11-08T13:51:22: ██ ▀█ █▄█  ▄  █▀▄█▄██ ████▄ █▄█ █▄ ▄  █▀▄█ ▄█ ▄█▀ █▄█ ██▀ █
2025-11-08T13:51:22: ██ ▄▀ ▄▄ ▄▀█▄█▄ █▄ ▄▄██▄ ██ ▄ ▄▄▄▀▄█▄▀█▄▀█▀██ ▀▄▄▄    ██▄▄█
2025-11-08T13:51:22: █ ▄█ ▀█▄ ▄ ▄███▀▄█▀ ██▄ █▄ ███▄▄ ▀ ▄█  █ ▄█▄▄███ ▄█▀▄█▀ ▀ █
2025-11-08T13:51:22: ███▀▄▀█▄█▀ ▄▄▀▄  ▀█▀▄▀ █▄██▀ ▄▀▄▄▄▀▄▀▄███ ▄▄  █▀▀ ▀▄▄███▀▄█
2025-11-08T13:51:22: █ ▄ ▄▀█▄▄▀█ ▀█ █  ▄▄▀  ▄ ▄▄█    ▄▄▄   ▀█▄▄▄█  ▄▀▀▄▀▄ ▀ █▄ █
2025-11-08T13:51:22: █ █ ▄▄█▄▀██▀ ▀▀▄ ▄ ▀█ ▀▀▀▄▀  ▄  █▄ █  █▄▀▀  ▄▄▀▀▄ ▄██ █▄ ▄█
2025-11-08T13:51:22: █  ▀██ ▄█▄▄█▄█ ▀▄▄▄▄▀▀ █ ▄ ▄▄█  ▄  █▀ ▄ ▀▀ █▀ ▄██▄ ▀██▀▀▄ █
2025-11-08T13:51:22: █▀ ▄   ▄▀ ▄▄▄ ▄ ▄▀█▄   █ ▄█   █ █▄  ▀█▄▀▄▄█▀▄ █▄   ▄ ▄██▄▄█
2025-11-08T13:51:22: █▄▀▀▄▀▀▄▄▄▄ █▀  ██▄▄██ █▀█▀███ ▄ █ ▄▀  ▄ ▄██▄▀▄▄ ▄███▄█▄▀ █
2025-11-08T13:51:22: █ ▀ ▀▀▄▄▄ ▄▀ ▀ ▀█▄   ▄ █▀▄▄▀▀▄  ██▄ ██▀▀▄ █▀█▀█▀ ▀▀▄█ ▀█▀ █
2025-11-08T13:51:22: ███████▄▄▀ ▀█▀   ▀█ ▀█▄ ▄█  ▄▄▄ ▄▄█ ▄ ▀▄█ ██  █▀█ ▄▄▄ ▀█▄▄█
2025-11-08T13:51:22: █ ▄▄▄▄▄ █▄▀▄ ▄█▄ █▄█▀▀▄██ ▀ █▄█ ██▄▄▀ █▀   █▀▀  █ █▄█ ▄▄▄▀█
2025-11-08T13:51:22: █ █   █ █▀▀ █▄▄ █▀▀ ▀ █▀▀ ▀▄▄▄  █▄██ ▄▄ ▀█▀█▀▄█▄▀ ▄▄▄ ▀█▀ █
2025-11-08T13:51:22: █ █▄▄▄█ █▀▀██▀ ████▀▄▄▀▀█▀█▄▄▄█▀▄▄██▀  ▄▄▄█▀▄ ▀▀▄  ▄▀▄███▄█
2025-11-08T13:51:22: █▄▄▄▄▄▄▄█▄█▄██▄█▄██▄██▄▄██████▄▄▄▄██▄▄▄██▄█▄▄█▄▄▄▄█▄█▄▄█▄██
2025-11-08T13:51:22: 
2025-11-08T13:51:42: QR Code for default:
2025-11-08T13:51:42: ▄▄▄▄▄▄▄▄▄▄▄▄▄▄▄▄▄▄▄▄▄▄▄▄▄▄▄▄▄▄▄▄▄▄▄▄▄▄▄▄▄▄▄▄▄▄▄▄▄▄▄▄▄▄▄▄▄▄▄
2025-11-08T13:51:42: █ ▄▄▄▄▄ █▄▄▄▀█ ▀█▀█▄▄▀█ ▀▄▄▀█ █ █ █▀▀ ▀█▄  ▄█  ▄ ██ ▄▄▄▄▄ █
2025-11-08T13:51:42: █ █   █ █ ▀▀ ▀▄██▄ ▀▄▄ █   █ █▀ ▀▄▄▄▀▀ ▄ █▄  █▀▄ ██ █   █ █
2025-11-08T13:51:42: █ █▄▄▄█ █▄▀█ ▄▄█▀▀   ▀   █▀ ▄▄▄  ▀ ▀██▄▄▀▀██ ▄▄▀▄██ █▄▄▄█ █
2025-11-08T13:51:42: █▄▄▄▄▄▄▄█▄█ █ ▀ █▄█ ▀▄▀ ▀▄█ █▄█ ▀ ▀ █ █ ▀ ▀ █ ▀▄█ █▄▄▄▄▄▄▄█
2025-11-08T13:51:42: █ ▄ ▄█▀▄▀▄▄█▄ █▀▄▄ █ █▀  ▀▀▄ ▄   █ ▄▀█ █ ▄  ▀█▄▄▀▀ ██ ▄ █ █
2025-11-08T13:51:42: █ ██ ▄▄▄▄▄▀▄▀▀ ▀ ▄ ██ ▄▄▄ ▄█▄▀  █ ▀▀▄ ▄█▄█▄▀▀ ▄▀▀▄▄ ▀▄ ▄▀ █
2025-11-08T13:51:42: ███ ▀ ▀▄█▄▄▄▀▄▄ ▀▄█▄ ▀█▄▀██ ▀██▀▀▀ █▄▄ ▀█▀▄█ █▀█▄▄█▀▄██▄▀▄█
2025-11-08T13:51:42: █▀███▀█▄▀▄█▄█ ▀ ▀██ ▀██▄▄▄▀█▀▄██ ▀▀▀▀  ██▀█ █▄▄█▀ █ ▀▄  ▀██
2025-11-08T13:51:42: █▄▀█   ▄██▄ ▀▀▄▄▀▀▀▀██ █ ▄█▄▄▄ ██▄▄ ▀▀▄▄▄█▀█  ▀ ▀▄▄█ █▄█▄▀█
2025-11-08T13:51:42: █▄▀▀   ▄ ▄█ ▄█▀▀▄▀▄  █ ▄█  ▀█ ██▄█▀▄▀▄█▄▄  ▄█  ▀  ▄▀▄█▄█ ██
2025-11-08T13:51:42: █▀ █ ▀ ▄██▀▀█  ██  ▀███ ▀█ ▀ ▄█ ▀▀▄▄ █ ▄ ▄▄▀▀▀█▄▄ ▄█▄▄▄█▀ █
2025-11-08T13:51:42: █▄█▄▄█ ▄▄█▄▄█ ▄█▀▄ ▀ ▄ ▄  █▀ ██  █▀█▄▀██▄▄▀▄ ▄█ ▀ ██▄▄▀▄█▄█
2025-11-08T13:51:42: ██ █  ▄▄█▀█▀█▄▄  █ ▄█ ▀█▄▄▀▀ ▀▄█▄▄  ▄  ▀▀▀█▄ ▀▀█ █▄▀▀█▀▄▄▄█
2025-11-08T13:51:42: ███▄▀ ▄▄▄ █▀ █▄ ▀ ▄▄▀▀█▄ ▀▀ ▄▄▄ █ ▀ ▀▄▀▄ ▀█ ██  ▀ ▄▄▄ █▀███
2025-11-08T13:51:42: █▄▀██ █▄█ ▄ ▀▀█▄ ▀█▄▄▄▀▀▄▄▀ █▄█ ▄ ▀▀▀▀█▄ ▀▀▄▄▄▀ ▀ █▄█ ▄  ▄█
2025-11-08T13:51:42: █▄▄█▄ ▄▄ ▄▄ ▄█▄█ ▀██▄ ██ █▄▄ ▄▄▄▄▄▀▀▄███▄  ██▀▀ █  ▄▄▄█▄▄▀█
2025-11-08T13:51:42: █▀█▄ ▀ ▄▄▀ ▄   ▀█▄▄█ █▄▄▀ ███▄▀▀█▀ ▄▄█▀█▄▄▀▀▀█▄▄▀▀ ▀▄▄█▄▄▄█
2025-11-08T13:51:42: ██  ▄█▄▄ █▄ █ █▄▀▀▄  ▀▄▀  ▄█▄▄ █▀ █  ▄█ █▄▄▄▄▄▀▄ ▀  ▀▄▄▄  █
2025-11-08T13:51:42: █▀ █▀▄█▄▄▄ █    ██▄▄▀██▀ ▄▄ ██▀█▄█▀█▄▄▀ ▀▀▄█▄█▀▄▀▄▀▀█▄ █▄██
2025-11-08T13:51:42: ██  ▄▄ ▄▄█ ▄▄ ▄▀ ▄█▄  ▀▀▄▀▄  ▄ █▀█ ███ ▄ ▀██▀█▀▀▀█▀██  ▀█▄█
2025-11-08T13:51:42: █▀▀█▀▄ ▄▄ ▄█▄█▀▀  ██ █▄▀▀█▀  ▀▀▀█▄▄▀ ▀█▄██▀▄ ▄ ▀▄█▄▀▀▀  █▄█
2025-11-08T13:51:42: █▀ ▀█ ▀▄▀██▄▀▄▀▀▀▄█▄ ██  ▄█████ █▀█▀▀█  ▀▀▀▀▄█ █  ▄▀█▀▄█▄▀█
2025-11-08T13:51:42: █▀▄▄▄▀▀▄ ▄█  ▄▄▄██▀▀ █ █▄ ▄ ███▀███▄▄█ █ ▄▀▀▀▀███▄▄█▄▄█▀▄ █
2025-11-08T13:51:42: █ ▀ ▀▀▄▄ █ █▀ ▀█▀ ▄▀▀ █▄ █▄▀█ ▀▀▄▀▀▄ ▄█▀ ▄▀▀ █▄█ ▄  █ ▀▄ ▄█
2025-11-08T13:51:42: ███████▄▄▀█▄█▀ █▀█ ▄█ ▀▀██  ▄▄▄ ▄▀ █▄    ▀█▄▄█▀██ ▄▄▄  ▄▄██
2025-11-08T13:51:42: █ ▄▄▄▄▄ ██▀▄█▀ ▄  ▀ ▄▄▄█▀▀▄ █▄█  █▄▄█▄ ▀ ▀█ ▄  ▀█ █▄█ ▀▀███
2025-11-08T13:51:42: █ █   █ █▀█▄▄██▄▀█ ▀ ▄▀█ ▀  ▄   ▄▄▀▀███▄▄█ ▄▄▄▀ ▀ ▄ ▄▄ ▄ ▄█
2025-11-08T13:51:42: █ █▄▄▄█ █ ▄ ▄███  █▀▄▀▄▄█▀█▀█▀█▀▄   ▀▀ ▀ ▀█▀▄█▄▄▄  ▀█████▀█
2025-11-08T13:51:42: █▄▄▄▄▄▄▄█▄▄▄▄▄█▄▄█▄█▄█▄▄▄▄▄█▄▄███▄███████▄▄███▄▄██▄▄▄▄█▄███
2025-11-08T13:51:42: 
2025-11-08T13:52:02: QR Code for default:
2025-11-08T13:52:02: ▄▄▄▄▄▄▄▄▄▄▄▄▄▄▄▄▄▄▄▄▄▄▄▄▄▄▄▄▄▄▄▄▄▄▄▄▄▄▄▄▄▄▄▄▄▄▄▄▄▄▄▄▄▄▄▄▄▄▄
2025-11-08T13:52:02: █ ▄▄▄▄▄ █▄▄▄▀█ ▀███▄ ▀█▀  ▄▀█ █ █ ▀█ ▄▄██▄█ ▀  ▄ ██ ▄▄▄▄▄ █
2025-11-08T13:52:02: █ █   █ █ ▀▀▄▀▄██▄ ▀▄█ █▀  █ █▀  █▄▄▀▀ ▄█▄▄ █▄▀▄ ██ █   █ █
2025-11-08T13:52:02: █ █▄▄▄█ █▄▀▀▄ ▄█▀▀   ▀   █▀ ▄▄▄ ██ ▀██▄▄ ▄██▄ ▄▀▄██ █▄▄▄█ █
2025-11-08T13:52:02: █▄▄▄▄▄▄▄█▄█▄█▄▀ █▄█ ▀▄▀ ▀▄█ █▄█ ▀ ▀ █ █ ▀ ▀ █ ▀▄█ █▄▄▄▄▄▄▄█
2025-11-08T13:52:02: █ ▄ ▄█▀▄█ ▀▄▀▄█▀▄▄ █ █▀  ▀█▄ ▄   █ ▄▀█ █ ▄  ▀█▄▄▀▀ ██ ▄ █ █
2025-11-08T13:52:02: █ ██ ██▄█  ██▄ ▀ ▄ ██ ▄▄▄ ██ ▀  █ ▀▀▄  ▀▄█ █▀ ▄▀▄▄▄▀▄  ▄▀ █
2025-11-08T13:52:02: ███▀  ▀▄▀▀ ▀▀▄▄ ▀▄█▄ ▀█▄▀██▀▀▀█▀▀▀▀▄▄▄▀▀█▀▄▄ █ ▄█▄█▀▀██ ▀▄█
2025-11-08T13:52:02: █▄ █ ▀█▄▀██▄█ ▀ ▀█ ▄▀█▀ ▄▄▀█ ▄▀▀ ▀ ██ █▀██▄█▀ ▄ ▀▀█ ▀█▀▀▀██
2025-11-08T13:52:02: █▄▄▀█  ▄██▄ ▀▀▄▄▄ ██▄▄ █▀▄█▄▄▄▀▄█▄▄▀▀█ ▄▄█▄██▄▀▀▀▄▄█ ███ ▀█
2025-11-08T13:52:02: █▄█▄█▄▄▄ ▄█ ▄█▀▀█ ▄ ▄  ▄█  ▀█ ██▄▀▀▄▀██▄▄▀ ███▀   ▄█▄█▄█▄▀█
2025-11-08T13:52:02: █▀▀█ ▀▀▄██▀▀▄▄ ██  ▀███ ▀█ ▀ ▄█ █▀▄▄▄█ ▄▀ ▄▀▀▀█▄▄ ▀█▄▄▄█  █
2025-11-08T13:52:02: █▄█▄▄▄▄▄ █▄ ▄█▀ ▀▄ ▀ ▄ ▄  █▀ ██  ▄▀█▄▀██▄▄▀▄ ▄█ ▀ ▀█▄▄▀▄█▄█
2025-11-08T13:52:02: ██ █ ▀█▄█  ▄█ ▄  █ ▄█ ▀█▄▄██ ▀▄█▄▄  ▄  ▀▀▀█▄ ▀▀██▄  ▀█▀▄▄▄█
2025-11-08T13:52:02: ███▄▀ ▄▄▄ ▀█▀▄ ▄▀ ▄▄▀▀█▄ ▀  ▄▄▄ █ █▄▀▄█  ▀█ ██▄▄█ ▄▄▄ █▀███
2025-11-08T13:52:02: █▄▀▀▄ █▄█ ▀█▀▀▀█ ▀█▄▄▄▀▀▄▄█ █▄█ ▄ ▀▀▀▀▀█ ▀▀█▄▄▀   █▄█ █  ▄█
2025-11-08T13:52:02: █▄██▄▄▄▄▄ ▄ ▄█▄█ ▀█ ▄  ▄ ██▄ ▄▄▄▄▄▀▀▄█▄▄  ██▀███▀ ▄▄ ▄█▄▄▀█
2025-11-08T13:52:02: █ ▄▄█▀ ▄ █ ▄   ▀▀█▄█ █▄ ▀▀███▄▀▀█▀ ▄ ▀▀▄▄▄▀▀██ ▄██ ▀██▄▄  █
2025-11-08T13:52:02: █ ▀▀▄█▄▄▀ ▄ █ █▄▄▀▄ ▀█▄▀▀ ▄█ ▄ ██▄█  ██▀████▄█ ▄ ▀  █▄▄▄▄ █
2025-11-08T13:52:02: █ ▄█▀▄█▄▄▄ █▄▀  ██▄▄▀██▀ ▄▄ ██▀█ █▀█▄▄▀ █▀▄█ █▀▄▀▄▀▀█▄ █▄██
2025-11-08T13:52:02: ██  ▄▄ ▄▄█▀ █▀▄▄ ▄█▄  ▀▀▄▀▄  ▄▄█▀█ █▄█ ▄▀▀██ █▀▀▀█▀██  ▀█▄█
2025-11-08T13:52:02: █▀▀█▀ ▄▄▄ ▄   ▀▀  ██ █▄▀▀█▀  ▀▀▀█▄▄▀ ▀█▄██▀▄ ▄ ▀▄█▀▀▀▀▄ █▄█
2025-11-08T13:52:02: █▀ ▀██▀▄▀█▀▄▀▀ ▄▀▄█▄ ██  ▄█████ █▀▀█▀█▄ ▀▀█▀▄█ █▄█ ██▀▀▄▄▀█
2025-11-08T13:52:02: █▀▄█▀▀█▄▀▄▄▄ ▄▀▄██▀▀ █ █▄ █████▀███▄▄█ ▄ ▄  ▀▀█▄██▄  █▄ ▄ █
2025-11-08T13:52:02: █ ▀ ▀▀▄▄ ▄ █▀ ▀█▀ ▀▄▀ ▀█ ██▀█ ▀▀▄▀▀▄▄▄▄█ ▄██ ██  ▀▄  ▀ ▄ ▄█
2025-11-08T13:52:02: ███████▄▄▀█▄█▀ █ █  ▀ ███▄  ▄▄▄ ▄▀ █   ▀▀▀▀█▄▀ ██ ▄▄▄  █ ▀█
2025-11-08T13:52:02: █ ▄▄▄▄▄ ██▀▄█▀ ▄▄▀▀ █▀▄█▀ ▄ █▄█ ▄█▄▄ █ ▀  ▄ █▀  ▀ █▄█ ▀▀▀▀█
2025-11-08T13:52:02: █ █   █ █▀█▄█▀█▄▀█ ▀ ▄▀█ ▀  ▄   ▄▄▀▀▀██▄▄█ ▄ ▄▀   ▄ ▄▄ ▄▀▄█
2025-11-08T13:52:02: █ █▄▄▄█ █ █ █▀▀   █▀▄▀▄▄█▀█▀███▀█   ▀▀ ▀ ▀█▀█▄▄▄▄  ▀█████▀█
2025-11-08T13:52:02: █▄▄▄▄▄▄▄█▄▄▄█▄▄▄▄█▄█▄█▄▄▄▄▄█▄▄███▄███████▄▄███▄▄██▄▄▄▄█▄███
2025-11-08T13:52:02: 
2025-11-08T13:52:22: QR Code for default:
2025-11-08T13:52:22: ▄▄▄▄▄▄▄▄▄▄▄▄▄▄▄▄▄▄▄▄▄▄▄▄▄▄▄▄▄▄▄▄▄▄▄▄▄▄▄▄▄▄▄▄▄▄▄▄▄▄▄▄▄▄▄▄▄▄▄
2025-11-08T13:52:22: █ ▄▄▄▄▄ █▄▄▄▀█  ███▄▄▀▄  ▄▄▀█ █ █ ▀▀█ ▄█ █   ▀ ▄ ██ ▄▄▄▄▄ █
2025-11-08T13:52:22: █ █   █ █ ▀▀ ▀▄█▄▄ ▀█▄ █ ▀ █ █▀ █▄▄▄ ▀ ▄██▄ ▀▄▀▄ ██ █   █ █
2025-11-08T13:52:22: █ █▄▄▄█ █▄█▀ ▀▄█▀▀   ▀   █▀ ▄▄▄ ▄▄ ▀ ▄▄▄▄▀██ █▄▀▄██ █▄▄▄█ █
2025-11-08T13:52:22: █▄▄▄▄▄▄▄█▄█▄▀ ▀ █▄█ ▀▄▀ ▀▄█ █▄█ ▀ ▀ █ █ ▀ ▀ █ ▀▄█ █▄▄▄▄▄▄▄█
2025-11-08T13:52:22: █ ▄ ▄█▀▄█▄▄█▄██▀▄▄ █ █▀  ▀█  ▄   █ ▄▀█ █ ▄  ▀█▄▄▀▀ ██ ▄ █ █
2025-11-08T13:52:22: █ ██ ▄▄▄█  █ ▄ ▀ ▄ ██ ▄▄▄ █▄▄█  █ █▀▄  █▄█ █▀ ▄▀▀▄▄▀▀▀ ▄▀ █
2025-11-08T13:52:22: ███▀  ▀▄█▄ ▄▀▄▄ ▀▄█▄ ▀█▄▀██ ▀██▀▀▀▀█▄▄ ▀█▀██ █▀██▄█▀█▀▀▄▀▄█
2025-11-08T13:52:22: █▄▄▀█▀█▄ ▄█▄█ ▀ ▀█▀▄▀█  ▄▄▀█▀▄█▀ ▀ ▄█  █▀█ ██ ▄▄▄██ ▀▄▀ ▀██
2025-11-08T13:52:22: ██ ▀   ▄██▄ ▀▀▄▄ ▀▀██▄▄▀ ██▄▄▄▄██▄▄ ▀▀▄█ █▀▄▄▄  ▀▄▄█ ██▄▄▀█
2025-11-08T13:52:22: █  ██  ▄ ▄█ ▄█▀▀▄▀▄ ██ ▄▀█ ▀█ ▄█ ▀▀▄ ▄██▀▀▀▄▀▄▀▀  ▄█▄█▄█▄▀█
2025-11-08T13:52:22: █ ██ ██▄██▀▀▀  ██  ▀███ ▀█ ▀ ▄█ █▀▄▄ ▀ ▄▀ ▄▀ ▀█▄▄  ▄▄▄▄█  █
2025-11-08T13:52:22: █▄█▄▄▄▄▄▄█ ▄▀▄▀ ▀▄ ▀ ▄ ▄  █▀ ██  █▀█▄ ██▄█▀▄ ▄█ ▀ ▀▄ ▄▀▄█▄█
2025-11-08T13:52:22: ██ █  █▄▀▀▄█▄▀▀█ █ ▄█ ▀█▄▄██ ▀▄█▄▄  ▄  ▀▀▀█▄ ▀▀█▄▄  █▀▀▄▄▄█
2025-11-08T13:52:22: ███▄▀ ▄▄▄  ███▀▄▀ ▄▄▀▀█▄ ▀  ▄▄▄ █ ▀▄▀▄▀  ▀▀ ██ ▄  ▄▄▄ ▀▀███
2025-11-08T13:52:22: █▄▀ ▀ █▄█ ▄▀▀▀██ ▀█▄▄▄▀▀▄▄█ █▄█ ▄ ▀ ▀▀██ ▀ █▄▄▄ ▄ █▄█ █  ▄█
2025-11-08T13:52:22: █▀▄▀▀  ▄  ▄ ▄█▄█ ▀▀ ▄ █▀ █▄▄ ▄▄▄▄▄▀  █ █   ▄▀██ ▄ ▄▄▄ █▄▄▀█
2025-11-08T13:52:22: █▄▄█▄▀ ▄█▄ ▄   ▀▄▄▄█▀▄  ▀▀██▄█▀▀█▀ ▄ ▀ ▄    ██▄▄▀█ ▀▄▄██  █
2025-11-08T13:52:22: █▀▄▀██▄▄ █▄ █ █▄▀ ▄ ▄▀▄▀▀▄▄█▄  █▀ █   █▀▄██▄▀█ ▄ ▀  ▄█▄▄▀ █
2025-11-08T13:52:22: ██ █▀▄█▄▄▄ █ ▄  ██▄▄▀██▀ ▄▄ ██▄▄▄█▀█▄▄▀ ▀▀▄█ ▀▀▄▀▄▀▀█▄ ████
2025-11-08T13:52:22: ██  ▄▄ ▄▄██ ▄▀█▀ ▄█▄  ▀▀▄▀▄  ▄██ █ ███ ▄  ██ ▄▀▀▀█▀██  ▀█▄█
2025-11-08T13:52:22: █▀▀█▀ █▄▄  █ ▀█▄  ██ █▄▀▀█▀  ▀▀▀█▄▄▀ ▀█▄██▀▄ ▄ ▀▄██▄▀▀ ▄█▄█
2025-11-08T13:52:22: █▀ ▀██ ▄▀█▄ ▄▀▄ ▀▄█▄ ██  ▄█████ █▀█▀▀█  ▀▀██▄█▄█▄█ ██▀██▄▀█
2025-11-08T13:52:22: █▀▄▀ ██▄ ██▄ ▄  ██▀▀ █ █▄ ▄ ███▀██▄▄▄█▀▄ ▄  ▀▀ ▄█ █▀█▄▀▀▄ █
2025-11-08T13:52:22: █ ▀ ▀▀▄▄█▀ █▀ ▀█▀ ▀█▀  ▀ █▄▄█ ▀▀▄▀ ▄ ▄█▄▄▄▀█ ▀▄  ▄ ▄  ▄▄ ▄█
2025-11-08T13:52:22: ███████▄▄▀█▄█▀ █▀██ █ ███▄  ▄▄▄ ▄▀ █▄ ▀▀█▀██ █ ▄█ ▄▄▄  █ ██
2025-11-08T13:52:22: █ ▄▄▄▄▄ ██▀▄█▀ ▄█▄▀   ▄█ ▄▄ █▄█  ▀▄▄▀█▀ █▀▄ ▀▀▀▀▄ █▄█ ▀▀▄██
2025-11-08T13:52:22: █ █   █ █▀█▄▄▀█▄▀█ ▀ ▄▀█ ▀  ▄▄  █▄▀▀▄██▄▄▀ ▄ ▄▀   ▄    ▄▀██
2025-11-08T13:52:22: █ █▄▄▄█ █      ▄  █▀▄▀▄▄█▀█▀▀▀█▀█    ▀ ▀▀▀█▀▄█▄▄▄  ▀█████▀█
2025-11-08T13:52:22: █▄▄▄▄▄▄▄█▄▄█▄█▄▄▄█▄█▄█▄▄▄▄▄██████▄███████▄▄███▄▄██▄▄███▄███
2025-11-08T13:52:22: 
2025-11-08T13:52:42: WhatsApp connection closed for default
2025-11-08T13:52:42: Reconnecting for default...
2025-11-08T13:52:47: Using Baileys v2,3000,1027934701, isLatest: true
2025-11-08T13:52:47: QR Code for default:
2025-11-08T13:52:47: ▄▄▄▄▄▄▄▄▄▄▄▄▄▄▄▄▄▄▄▄▄▄▄▄▄▄▄▄▄▄▄▄▄▄▄▄▄▄▄▄▄▄▄▄▄▄▄▄▄▄▄▄▄▄▄▄▄▄▄
2025-11-08T13:52:47: █ ▄▄▄▄▄ █ █▄▄▄▄▀ ▀▄█ ▄█ ▄▄▀ █▀▄▄  ▄█▄██ ▀▀▄  ▀▀▄ ██ ▄▄▄▄▄ █
2025-11-08T13:52:47: █ █   █ █ ▀▀ ▄ ██ ▀▄▄█▄ ▄▄▀█▄▀▀█▀█  ▄█▀▄█▀▀▄▀█ ▄ ██ █   █ █
2025-11-08T13:52:47: █ █▄▄▄█ █▀  ▀▀▄▀▀█ ▀▀█ ▄▀   ▄▄▄ █▄ ▀▀▀▄▄▀▄▄▄▀▄▄▀▄██ █▄▄▄█ █
2025-11-08T13:52:47: █▄▄▄▄▄▄▄█▄█ ▀ █▄▀ ▀▄▀ ▀▄▀▄█ █▄█ ▀▄█▄█ ▀▄█▄▀ ▀▄▀ █ █▄▄▄▄▄▄▄█
2025-11-08T13:52:47: █▄ ▀▀  ▄▀▀▀ ▀▀█▄▀▄▄ ▄▀▄█  █ ▄   ▄ ▄██ ▄▀▀█▀▀█  █▀ █▀ █▄   █
2025-11-08T13:52:47: ██▀ ▀▀█▄▀   ▄ ▄ ▀ ▄█▀▀▀█▄█▄▄▄█▄▀▀█ ▄█▀█ ▄▄▄▀██▄▀ █▀▄▄█▄▄▄▀█
2025-11-08T13:52:47: █▀▄ █▀ ▄ ▄▀█▀ ▀▀ █▀ ▄▀▄▄▀▀████▀██ ▄▄▄ ▄ ███▀█▄ █▀ █▀ ▀█▄█▄█
2025-11-08T13:52:47: █▄▄█▀  ▄▀▀█▀████▄ ███ ▀▀ ▄▄▄▀  █▀ ▀█▀▀█▀ ▀▀▄██ █ █ ██ ▄▄ ▀█
2025-11-08T13:52:47: █▄▀▀▄ ▄▄█▄▄▄ ▄▀ ▀▄▄ ▄▀▀▀▀ ██▄ ▄▀▄ ▄██▄▄ ▄█  █▄██ ▀█ ▄▀▀  ▄█
2025-11-08T13:52:47: ██▄█▄  ▄█▀█ ██▀█▄▄█▀▄█▀ ▀█ ▄▀▀█ ▄▀█▀ ▄█▄██▄ ▄▄██▀▀█▄▄▄█▄ ██
2025-11-08T13:52:47: █ ▄▄ ▀ ▄  ▀▀ █▄ ▀▀▄ ▀ ▄█▀▄█▄ █  ▀ ▀█▄ █▀██▀ █▄▀█▄▀▄▀█▀▀▀▄▄█
2025-11-08T13:52:47: ██▄  ▀▄▄▀▄ ▄██▄ ▄█▄▀▄███▄ ▀    ▄█▄▄██▀█▄▀█   █▄  █  █▄▀█▀██
2025-11-08T13:52:47: █▄▄█▀ ▄▄█  ▄   ▀▀▄▄  ▀▀▀▀ ▄  ▀▀▀▀█▀ ▀ █  ▀█ █▄▄█  █ ██▄▀▀██
2025-11-08T13:52:47: █▀▄█  ▄▄▄  ██▄▄▀▀ ▀  ▀▄  █  ▄▄▄     █▀▀ ▄██▄▀ █▀  ▄▄▄ ▄█ ██
2025-11-08T13:52:47: ██▄█▀ █▄█ █▀▄▄█▀ █▄▀▄▀▀█▄▀▄ █▄█ ▀▄ ▄ ▄▄  ▀  ▄  █▀ █▄█ █ ▄▄█
2025-11-08T13:52:47: █▄▄ █▄ ▄ ▄▄▀██▄ ▄▀▀▀ ██▄▄▄▀▄▄   ▀▄▄▄▄ ▄█ ▄█▀█▄▀▄▀ ▄  ▄▄▄███
2025-11-08T13:52:47: █▄▀█ █ ▄▀ ▄ █▀▀ ▀▄▀▄▄  █▀▀   ▄▀ █▄▄█ ▄▀ ▄▀▀▀█▄ █▀█▄▄▀▄▄▀  █
2025-11-08T13:52:47: ███▀ ▀▄▄▀ █ ▄█  ▀▀█▀ ▄ ▀▀▄  █ ▄█▄█▄█▄▀▄▄  █▄▄▀▀▄█ ▄▀ ▀██▄▀█
2025-11-08T13:52:47: █ ▄▀█▄ ▄▀▀ █ ▄██▄█▀▄▄▄▄▀▄ ▀ ▄█▀▄█ ▀█ ▄█  █ ▀█▄▀▄█ ▀▄ █▄▀▀▄█
2025-11-08T13:52:47: █▀▄██▀ ▄█ █▄█▀▄▄▀ █▄▀  ▀▀██▄▀ ▀█▀█ ▀▀▀█  █▄██ ▀██▄▀▀ ▀▄█▄▄█
2025-11-08T13:52:47: █▄▄▀▄ ▀▄█▀█▀▀  ▀ ▄▀▄▀▀▄█ ▀ ▄▀▄▄▀▄ ▄█  █▀█▀▄▀▀▄▀██▀ █▀█▄█▄▄█
2025-11-08T13:52:47: █ ▄███▄▄██▄▀▄ █▀▄▀▄█▄▄▀██▄▀▀▄▀█▀▀▀█ ▀ █▀▀▄ ▄█ █▀   ▀▄█▄████
2025-11-08T13:52:47: █ ▀█▀▄█▄▄▄ ▀▀▀▄  ▄▀ █ ▄▄▀    █▄ █ ▀▄█▄▄▀▄▀ ▀▀▄ ▄▀▀▄▄ █  ███
2025-11-08T13:52:47: █ ▀ ▀▀▄▄ ▄▄   ███▀▄▀▄█ █▀█▄▄█▀█▀▀███▄▄▀▄ █   ▀▄▀██▄▀▀▀▄█▀▀█
2025-11-08T13:52:47: ███████▄▄  ██▀▄▄▀█▄ █▀▄█▀▀▀ ▄▄▄ █▄▀█ ▄▄▀▄▀▀▀   ▄█ ▄▄▄ ▀ ▀ █
2025-11-08T13:52:47: █ ▄▄▄▄▄ █▀▄▄▄ █▄ ▀ ▀▀▀▀▄█▀█ █▄█ ▀██ ▀█▀███▄██▄▀ █ █▄█ ▄█ ██
2025-11-08T13:52:47: █ █   █ █▄█▄▄▀▀▄▀▀  ▀  ▀▀▄█▄▄▄ ▄▀  █▄ █▀ █  █▄▀██ ▄ ▄ ▀▀▀▀█
2025-11-08T13:52:47: █ █▄▄▄█ █▀▀▀▀▀▀ ▄█ ▀▄█▄ ▄  ▀▀▄▄ █▄██▀▀▀ ▄▄▀  ▄ ▄▀▀ ▄█▄▄▄███
2025-11-08T13:52:47: █▄▄▄▄▄▄▄█▄█▄▄▄█▄▄▄█▄██▄█▄██▄█▄█▄███▄▄▄█▄▄█▄██▄▄██▄▄▄███▄█▄█
2025-11-08T13:52:47: 
2025-11-08T13:53:47: QR Code for default:
2025-11-08T13:53:48: ▄▄▄▄▄▄▄▄▄▄▄▄▄▄▄▄▄▄▄▄▄▄▄▄▄▄▄▄▄▄▄▄▄▄▄▄▄▄▄▄▄▄▄▄▄▄▄▄▄▄▄▄▄▄▄▄▄▄▄
2025-11-08T13:53:48: █ ▄▄▄▄▄ █▀ ▄▄▄ ▄▀▀▄█ █ ▀▄ ▄█ ▀▄▄██▀██▄▄▀▀▄ ▄▄▄▄▄ ██ ▄▄▄▄▄ █
2025-11-08T13:53:48: █ █   █ █▀▀▄▀█ █▄▄▄▀██▄█▀▀▀█▄▄▄ ▀▄ █▀▀▀▄▄▄▄▀▀█ ▄ ██ █   █ █
2025-11-08T13:53:48: █ █▄▄▄█ █▀█▄▄▀▀▄▄█ ▀▄ █▄▀ █ ▄▄▄ █ █▀█▀▀▀▀▄▄▄ █▀▀▄██ █▄▄▄█ █
2025-11-08T13:53:48: █▄▄▄▄▄▄▄█▄█ ▀ █▄▀▄█ ▀ ▀ █ █ █▄█ ▀▄█ ▀▄▀▄█ █▄▀▄▀▄▀▄█▄▄▄▄▄▄▄█
2025-11-08T13:53:48: █▄▄▄▄▄▀▄ ▄█  ▀ ▀▄▄▄ ▀▄▀█  ▄▄    ▀█▀██ ▀▄▄█▀▀ ███ ▀ █▄▀▄▀▄██
2025-11-08T13:53:48: █ ▀ ▀█ ▄▄▀█ ▀█▄ ▀█▀ ▀▀▀ ▀  █  ▀▄▀█ ▀ ▄█ ▄▀█▄██▄▄█▄▀▄▀▀▀▀▄▀█
2025-11-08T13:53:48: █▀▀▀▀▀ ▄██▄▄▀ ▄▄██▀ ▀▄▀▄▀▀  ▀▀▀█ ██▄▄  █ █   ▀█▄▀▀ ▄█▀█▄ ▀█
2025-11-08T13:53:48: █▄ ▄ ██▄▀▀█▄  ██▄██ █ ███▀▄▄▀█▀ ▀  ▄▄▄▀ ▄ ▄█▀▀ ▀█▄ ██▄   ▀█
2025-11-08T13:53:48: █▄ ██ ▄▄ ▀▀▄ ▄▄███ ▄▀▄█▀ ▀  ▀ ▀ ▀█▀█  ▀█ █▀▀▀▀██ ▀ █▀▀▀▀▀▀█
2025-11-08T13:53:48: █▄▀▀▄██▄█▀██  ▀█ ▄ ▄ █▀█ ▄ ▄▀▄ █▄▀█▄▀▄██▄  █▀▄▄▀▄▄▀ ▄▀ ▀▄▀█
2025-11-08T13:53:48: █ █▀█▄ ▄██▄▀█▄▀█▄▀▄ ▄█▀█▀▄ ▀██   █▄█▄  ▄██▀ ▄▀▄█▄▀ ▄ ▀▀▀▀▀█
2025-11-08T13:53:48: █ ▄  █▀▄▀ ▄█▄█ ▀▄ ▀▄▄██ ▀█▀  ██▀█▄▄  ▄█▄ ▀██▀█▄██ ████▄ ▀██
2025-11-08T13:53:48: █▄▀ ▄▀▄▄ ███▄▄█▄▄▄▄ █▄▄▀▀ █▀█▀▀▀▄ ▄ ▀  ██▀█  ▀▀█▄▀ ▄▀▀▄▀▄ █
2025-11-08T13:53:48: █▄▄█  ▄▄▄  ▄█▀▀▄▀█▄█ ▀▄██ █ ▄▄▄   ▄▀ ▄▀▄▄ ▄▀▀ ▀▄█ ▄▄▄ ▀  ██
2025-11-08T13:53:48: ██▀█  █▄█ ▀▄▄▄▄▄██▄▀▀▄▄█▄▀█ █▄█ ▄▀▄█ ▄ ██▀▀ ▀█▄▄█ █▄█ ▀█▀▀█
2025-11-08T13:53:48: ██ █▄▄ ▄▄ ▄▄  ▄ ▄▄▄  █▄█▀▀  ▄▄▄▄▀▄█ █▀▄▀▄▀███ ▄█ ▄▄ ▄▄ ▀███
2025-11-08T13:53:48: █▀▀▀▀█ ▄▄ ▀ █▀▄██▄ ▄▄▄▀█▀▀██▄█▀  ▀▀█▄ █▄▀█▀  ▀▀▄▀▄▀▀ ▄█▀█▀█
2025-11-08T13:53:48: █ ▄█▄▄▀▄▀▀██▀   ▀  ▄ █ ▄█▀  ▄▄▀  █▄ █▀▄▄▀█▀  ▀▀  █▄▀▄█   ▀█
2025-11-08T13:53:48: █▄▄▄ ▄ ▄▄▄███▄  ▀█▀▄▀▀▀▀▄ ▄█▀█ ▄▄█▄█   ██▀ ▀ █▄▄█ ▄▀██▄▀█ █
2025-11-08T13:53:48: █▄▄██▄█▄█ ▄▄▀▄█▀▀█ ▀▀  ▄▄ █▄▀█  ▀█ ▄▄▄█ ▀ ▀ █ ▀  ▀▀▀ ▄▀ ▄▄█
2025-11-08T13:53:48: █▄▀▄▀ █▄ ▄▄ ▄▀█ █▄▀▄▄▄▀█ ▀█▀▄▄▄▀▀█▀█   ▄ ▀▄▀▄▀▄██▀▀▀▄█ █▀▀█
2025-11-08T13:53:48: ██▄██▄█▄███▀▀▄▀▀▄▄▀ ▄▄▀  ▀█▀▄▄ ▄▀▀▀█▄███▀▀█▀█ ▀ ▀█▄█▄ ▄ ███
2025-11-08T13:53:48: █ ▄▀  █▄ ▀▀ ▀▀▀ █▄▀  █▀▄▀ ████▄  █▄▄█▄ █▀▀ ▀▄▀▄▄█▄ ▄▄█▀▀  █
2025-11-08T13:53:48: █ ▀ ▀▀▄▄  ▄██████▄▄ ▄█▄▀▄ █ █▄ ▄▀█▄▀▀█▄▄ ▄ ▀ █▀▀█▄▄▀▀█▀▀▀▀█
2025-11-08T13:53:48: ███████▄▄▀███▀▀▀▄█ ▄▀█▄▀ ▀▄ ▄▄▄  ▀▄█   ▄▀█▀ ▄▀▄██ ▄▄▄   ▄▀█
2025-11-08T13:53:48: █ ▄▄▄▄▄ █▄▄▀▀██▄  █▄█▄▀▀▀▀█ █▄█ ▀▀██▄▄ ▄ ▀  ▄█▀█▀ █▄█ ▀  ▀█
2025-11-08T13:53:48: █ █   █ █  ▄▀█▄▀▄▀  ▄██▀▀▄  ▄  ▄▀███   ▄▀▀  ▄█▄██  ▄▄ ▀▀▄██
2025-11-08T13:53:48: █ █▄▄▄█ █ ▀█  ▀▀▄ █▄▄█▄█▀█ ▀▄█▀████ ██▀ ▄▀▄█ █ ▀▄▄ ▄▄▀▀▀███
2025-11-08T13:53:48: █▄▄▄▄▄▄▄█▄█▄██▄▄█▄█▄▄▄██▄█▄█▄▄█▄▄▄▄▄▄▄▄███▄█▄████▄██▄▄█▄▄██
2025-11-08T13:53:48: 
2025-11-08T13:54:08: QR Code for default:
2025-11-08T13:54:08: ▄▄▄▄▄▄▄▄▄▄▄▄▄▄▄▄▄▄▄▄▄▄▄▄▄▄▄▄▄▄▄▄▄▄▄▄▄▄▄▄▄▄▄▄▄▄▄▄▄▄▄▄▄▄▄▄▄▄▄
2025-11-08T13:54:08: █ ▄▄▄▄▄ █ █▄▄▄▄▀▄▀▄▄█ █▀▄▄▀ █▀▄▄  ▄██▄▀  █ ▄█ ▀▄ ██ ▄▄▄▄▄ █
2025-11-08T13:54:08: █ █   █ █ ▀▀   ██ ▀▄▄█▄ ██▀█▄▀▀█▀█  ▄▄▀▄▄▀▀▄▀▄ ▄ ██ █   █ █
2025-11-08T13:54:08: █ █▄▄▄█ █▀  ▄ ▄▀▀█ ▀▀█ ▄▀   ▄▄▄    ▀▀ ▄▄ ▄▄▄ ▀▄▀▄██ █▄▄▄█ █
2025-11-08T13:54:08: █▄▄▄▄▄▄▄█▄▀ ▀▄█▄▀ ▀▄▀ ▀▄▀▄█ █▄█ ▀▄█▄█ ▀▄█▄▀ ▀▄▀ █ █▄▄▄▄▄▄▄█
2025-11-08T13:54:08: █▄ ▀▀  ▄███▄▀██▄▀▄▄ ▄▀▄█  ▀ ▄   ▄ ▄██ ▄▀▀█▀▀█  █ ▀▀▀ ▀▄   █
2025-11-08T13:54:08: ██▀ ▀ █▄ ▄▄▄█ ▄ ▀ ▄█▀▀▀█▄█ █▄█▄▀▀█▄▄█▀█▄▄▄ ▀██▄▀█▄ ▄█▄▄▄▄▀█
2025-11-08T13:54:08: █▀▄ █▀ ▄██▄▀▀ ▀▀ █▀ ▄▀▄▄▀▀▄███▀██ ▀█▄ ▄▀███▀█▄ ▄▄▀█▀▄██ █▄█
2025-11-08T13:54:08: ██ ▀▄  ▄  █▀████▄ ▀██ █▄ ▄▄▄▀ ▄▀▀ ▀▀█▀▄▀▄▀▀▄█▀█▀█  ██ █▄ ▀█
2025-11-08T13:54:08: █▀▄▄█ ▄▄█▄▄▄ ▄▀ ▄▄▄▄█▀▀▀ ▀██▄  ▀▄ ▄█▄    ▀  █▄▀█ ▀█ ▄▀▀▀▄ █
2025-11-08T13:54:08: █▄▀▀█  ▄█▀█ ██▀█▄ █▀▄█▀ ▄█ ▄▀▀▄  ██▀ ▀▄▄██▄ ▀▀█▄▀▀▀▄▄▄█▄▄▀█
2025-11-08T13:54:08: █▀ ▄  ▀▄  ▀▀▄ ▄ ▀▀▄ ▀ ▄█▀▄█▄ █  █▄▀█▄ █▀▄█▀ █ ▀█▄▀█▀█▀▀▀▄██
2025-11-08T13:54:08: ██▄  ▄▄▄▀ ▄███▀ ▄█▄▀▄███▄ ▀    ▄▄█▄█▄ █▄▀▄   ▄▄  █ ██ ▀█▀██
2025-11-08T13:54:08: █▄▄█▀▀ ▄▄▄▄██▀█▀▀▄▄  ▀▀▀▀ ▄▄ ▀▀▀▀█▀ ▀ █  ▀█ █▄▄█▀▀▄ ▄█▄▀▀██
2025-11-08T13:54:08: █▀▄█  ▄▄▄ ▀▄█▄▄▀▀ ▀  ▀▄  ██ ▄▄▄     █▀█ ▄█▀▄▀ ▀▀▄ ▄▄▄ ▄█ ██
2025-11-08T13:54:08: ██▄▀▄ █▄█ ▄ ▄▄ █ █▄▀▄▀▀█▄▀▄ █▄█ ▀▄▀▄ ▄▄▀ ▀  ▄  ▄▄ █▄█ ▀▀▄▄█
2025-11-08T13:54:08: █▄▄▄▄  ▄▄ ▄▀██▄ ▄▀▀▀ █▀▄▄▄ ▄▄   ▀▄▄▄▄ ▄▄ ▄▀▄▀ ▄▀▄ ▄▄ ▄▄████
2025-11-08T13:54:08: ██▀▄ █ ▄ █▄ █▀▀ ▀█▄ █ ▄▀    ▀█▀ █▄▄█▀▄▄ ▀█  ▀ ██▀█▄▄▀▄█▀▄▄█
2025-11-08T13:54:08: ██▀▄▄▀▄▄▀██ ▄█   ▄█▀█▄ ▀█▄  ▀▄▄█ █▄█▀██▄ ▄█▄▄▀▀█▄ ▄▀ ▀██ ▀█
2025-11-08T13:54:08: █▀ ▀█▄ ▄▀▀ █▄███▄█▀▄▄▄▄▀▄ ▀ ▄█▀▀█ ▀█▄ █  █ ▀█▄▀▄█ ▀▄ █▄▀▀██
2025-11-08T13:54:08: █▀▄██▀ ▄█ ███▄█ ▀ █▄▀  ▀▀██▄▀ ▀█▀█ ▀  █  ▄▄█▄▀▀██▄▀▀ ▀▄█▄▄█
2025-11-08T13:54:08: █▄▄▀▄▀ ▄█▀██▄█▄▀ ▄▀▄▀▀▄█ ▀ ▄▀▄▄▀▄ ▄█  █▀█▀▄▀▀▄▀██▀ ▀▀█▄█▄▄█
2025-11-08T13:54:08: █ ▄███▀▄██▄█▄███▄▀▄█▄▄▀██▄█▀▄▀█▀▀▀▀▄▀ ██▀▄  █ ▀▀▄ ▄▀▄██████
2025-11-08T13:54:08: █ ▀  █ ▄ ▄▄▄▀▀ ▄ ▄▀ █ ▄▄▀  ▀ █▄ █  ██▄█ ▄▀▀ ▀▄ ██▄▄ ▀██▄███
2025-11-08T13:54:08: █ ▀ ▀▀▄▄▄ ▄   ███▀ ▀▄█▄█▀██ █▀█▀▀█▄█ ▄  ▄█  ▄█▀▄ ▀▄▀▀ ▄█▀▀█
2025-11-08T13:54:08: ███████▄█  ██▀▄▄▀▄ ▄▄  █▀ ▀ ▄▄▄ █▄▀█ ▄▄▀ █▀ █ ▀█▀ ▄▄▄ ▀ ▀▄█
2025-11-08T13:54:08: █ ▄▄▄▄▄ █▀▄▄▄ █▄▀▄ ▀ ▄▀▄  █ █▄█ ▀▀█ ▄▀▀█▀ ▄█▀ ▀▀  █▄█ ▄█ ██
2025-11-08T13:54:08: █ █   █ █▄█▄▄▀▀▄▀▀  ▀  ▀▀▄█▄ ▄ ▄▀▄ █  █▀ █  █▄▀█▄ ▄ ▄ ▀▀  █
2025-11-08T13:54:08: █ █▄▄▄█ █▀█ ▀▄▄▀▄█ ▀▄█▄ ▄  ▀▀▄▄ █▄██▀▀▀ ▄▄▀ ▀█ ▄▀▀ ▄▀▄▄▄███
2025-11-08T13:54:08: █▄▄▄▄▄▄▄█▄▄▄█▄▄█▄▄█▄██▄█▄██▄▄▄█▄███▄▄▄█▄▄█▄██▄▄██▄▄▄█▄█▄█▄█
2025-11-08T13:54:08: 
2025-11-08T13:54:28: QR Code for default:
2025-11-08T13:54:28: ▄▄▄▄▄▄▄▄▄▄▄▄▄▄▄▄▄▄▄▄▄▄▄▄▄▄▄▄▄▄▄▄▄▄▄▄▄▄▄▄▄▄▄▄▄▄▄▄▄▄▄▄▄▄▄▄▄▄▄
2025-11-08T13:54:28: █ ▄▄▄▄▄ █▀▀▀   █  ▀▀▄ ▀█▄▄▄▄▀▄  █▄  █▄  ▄▀▄▄▄▀█▄ ██ ▄▄▄▄▄ █
2025-11-08T13:54:28: █ █   █ █▄ █▄█▄███▀█▀██▄▄▄████▀▄▄█▀▄▄██▄██▀█▄█▀▄ ██ █   █ █
2025-11-08T13:54:28: █ █▄▄▄█ █ ▄▄▀█▄▀██ █▀█▄▄▀▄  ▄▄▄ ▄ ▄▀██▄▄▀▀▄ ▀  ▀▄██ █▄▄▄█ █
2025-11-08T13:54:28: █▄▄▄▄▄▄▄█ ▀▄█ █▄▀ ▀▄▀ ▀▄▀▄█ █▄█ ▀▄█▄█ ▀▄█▄▀ ▀▄▀ █ █▄▄▄▄▄▄▄█
2025-11-08T13:54:28: █  █▄██▄▄███▄▀▄▀██▀▄█▄ ▄█▄ ▄  ▄▄██ ▄ ▄█▄█▄▄█▄█▄▄█▄█▄▄▄▀▄ ██
2025-11-08T13:54:28: █▄▄█ ▄▀▄█▀▄▄▄ ▀█ █▀▄▄▄  ▀▄█ █▄▀ ▄ ██   ▀█▀█▄  ▀ ▀██▀ ▀▀█▀▄█
2025-11-08T13:54:28: ██▀▀▄▄▄▄ ▄█▄█▄▄█▄ █▄▀█ ▀██ ▀  █▀ ▄▄▀ ▄▀█▀ ▀█  █▀▄█ █ ▄▀▄  █
2025-11-08T13:54:28: █▀ ▄█▄ ▄▄ ▄██▄▀██▄▄▀▀ ▀▀ █ ▄▀█  █ █▄█▄ █▀███▀▀▀█ ▀▄█▄▄▄█▄▀█
2025-11-08T13:54:28: █ ▄▀▄ ▄▄█▄ ▄  ▀ ▄▄▄▄█▀▄█▀▄██   ▄▄  █ ▄▄ ▄▀ ▄  █▄ ██  ▀▀▄▄ █
2025-11-08T13:54:28: ██▄▄▄ ▀▄█ ▄ ▄▄▀▄ ▀▄ ▄█  ▀▄ █ ▀█ ▄▄▄▀▄▀▄▄▀▀█   ▄▄  ▀██▄▄█  █
2025-11-08T13:54:28: █  ▀▄▀ ▄▀██  ▄███ ▀▄ █ ▄▄ ▄▀▄▄█▄ ▀█▄  ▄▄ ▄▄▄▄██▄▀█▄█▀ ▄██▀█
2025-11-08T13:54:28: █▄▀█▀▀█▄ ▀ █▀  ▄█ ▀ ▀ ▄ ▀▀▄█▀███  █ ▀  ▀▀ █▀▄ ███▄ ▄▄▀▄▄▄ █
2025-11-08T13:54:28: █ ▀▀█▀▄▄█▄▄▄▀  ██▀ ▄███▄█▄█▄▄▄██▄▀███▄ ▄▄▄▀▄    ▄█ ▄▀  █▄▀█
2025-11-08T13:54:28: █  █▀ ▄▄▄ ▄ █▄ ▀ ▄▀▀▄▀█▄ ▄  ▄▄▄ ▄ █▄█ ▀ █▀▀██  ██ ▄▄▄ ▄▄▄██
2025-11-08T13:54:28: █▀▄ ▄ █▄█ ██▄ ▄ ▄█▄█▄▀██▄█  █▄█ ▀▄▀█  █ ▄▀ ▄▄ █▄▄ █▄█  ▄▄▄█
2025-11-08T13:54:28: █▀█▄▄▄▄▄ ▄█▀▄▄▄▀█▀ ▄ ▄█▀██  ▄   ▀█▄█▀▀ █▀▄▀██▀▀▀█ ▄ ▄ ▄██▄█
2025-11-08T13:54:28: █▀ ▄ ▄█▄▄▀ ▀ █ █▄▄▀▄█▄▄▄▀█▀█ █▄▄▄▀ ▄▀ ▄█▀▄█▄▄█ █ ██▀▄█▀▄▀▀█
2025-11-08T13:54:28: █ ▀█▄▄▀▄█▄▄█▀▄██▀   █▄▀▄▀▄████▀▄█ █ █   ▄█▀▄▄█   ▀▀▄ █ ▄█ █
2025-11-08T13:54:28: █ ▀█▀▀▄▄▄█▄ █▄ ▀  █ ▀  ▄ ▄▄▄   █▄▄█ ▄▄ ▄▄ ▄██▄█▀▀▄▄ ▄  ██▀█
2025-11-08T13:54:28: █  █▄█ ▄▀ ▄  ▄   ▄███ ▀█▀▄▀▄ ▄▀▄▄█▀█▀ ▀   ▄▄ ▀ ▀███▀▀█▄▄ ▄█
2025-11-08T13:54:28: █ ▄▀   ▄█▀▀ ▀▀▀█▄▄▀ ▀▀ █ █ ▄█▄▄█▄  █ ▄█▀▀▀▄█▀▄█████▄██▄█▄▄█
2025-11-08T13:54:28: █▀▄▄▄  ▄█▄ ▀  ▄▀█▀█▄▄█ █▄█▀ █▀▄ ▀ ▄  ▀▀▄ ▄▀██▀ █▀▀▄ ██▄▄█▄█
2025-11-08T13:54:28: █▄ █▀▀▄▄ ▀█ ▄█ ▄▄█▄▄▄█ █▄▄▀█▄▄▀▄▄██▄  ▀█   █ ▀▄▄▄ █ ▄▄ ▄▄ █
2025-11-08T13:54:28: █ ▀ ▀▀▄▄▀ ███▀  ▄▄█ ▀ ██▄▄ ▀▄▄  ▄ █▀▀██▀▀▄ ▀█▄ ▄▀▀▀▄█  █▄▄█
2025-11-08T13:54:28: ███████▄▄ ▄ ▀█▀ ▄  ▄▀█▄▄ █▄ ▄▄▄   █  ▄ ▄▄ ▀▄▄▄ ▀█ ▄▄▄ █▄  █
2025-11-08T13:54:28: █ ▄▄▄▄▄ █▄█ ▄▀▀▄ ▀   █  ▀█▀ █▄█ █▀▄▄█ ▄██ ██▄▀ ██ █▄█ ▄▄███
2025-11-08T13:54:28: █ █   █ █▀▀▄ █▀▄█▀ ▄▀ ▄▀▀ █▄▄   ▄ ▄█ ▄█▀▄█ ▄▀ ██▄▄▄ ▄▄▀█ ▀█
2025-11-08T13:54:28: █ █▄▄▄█ █▀▀█▄ ▀▄██▀ ▄▄█ █▀  █▄█▀▄▄▄█▀ ▀▀█▄ ▀▀▄▀▄   █▄▄███▄█
2025-11-08T13:54:28: █▄▄▄▄▄▄▄█▄████▄▄▄█▄▄▄▄▄▄██▄██▄▄▄▄▄███▄▄█▄▄██▄█▄▄▄▄███▄▄▄▄██
2025-11-08T13:54:28: 
